Build started 11/3/2017 10:08:10 AM.
     1>Project "E:\学习资料\STemWim\EMWIN实例\全键盘输入法\键盘调试-PC\SimulationTrial.vcxproj" on node 2 (Build target(s)).
     1>C:\Program Files (x86)\MSBuild\Microsoft.Cpp\v4.0\V120\Microsoft.CppBuild.targets(381,5): warning MSB8028: The intermediate directory (E:\学习资料\STemWim\EMWIN实例\全键盘输入法\键盘调试-PC\Output\Debug\) contains files shared from another project (键盘调试.vcxproj).  This can lead to incorrect clean and rebuild behavior.
     1>ClCompile:
         D:\Program Files\Visual Studio 2013\VC\bin\CL.exe /c /I"E:\学习资料\STemWim学习\键盘调试\Keyboard" /IGUI\Include /IConfig /ZI /nologo /W3 /WX- /Od /Oy- /D _DEBUG /D TARGET_1375_C8_137X /D WIN32 /D _WINDOWS /D _VC80_UPGRADE=0x0600 /D _MBCS /Gm- /EHsc /RTC1 /MTd /GS /fp:precise /Zc:wchar_t /Zc:forScope /Fo"E:\学习资料\STemWim\EMWIN实例\全键盘输入法\键盘调试-PC\Output\Debug\\" /Fd"E:\学习资料\STemWim\EMWIN实例\全键盘输入法\键盘调试-PC\Output\Debug\vc120.pdb" /Gd /TC /analyze- /errorReport:prompt Config\GUIConf.c Config\LCDConf.c Config\SIMConf.c Simulation\WinMain.c
         GUIConf.c
     1>e:\学习资料\stemwim\emwin实例\全键盘输入法\键盘调试-pc\gui\include\gui_type.h : warning C4819: The file contains a character that cannot be represented in the current code page (936). Save the file in Unicode format to prevent data loss
         LCDConf.c
     1>e:\学习资料\stemwim\emwin实例\全键盘输入法\键盘调试-pc\gui\include\gui_type.h : warning C4819: The file contains a character that cannot be represented in the current code page (936). Save the file in Unicode format to prevent data loss
         SIMConf.c
         WinMain.c
         Generating Code...
         D:\Program Files\Visual Studio 2013\VC\bin\CL.exe /c /I"E:\学习资料\STemWim学习\键盘调试\Keyboard" /IGUI\Include /IConfig /ZI /nologo /W3 /WX- /Od /Oy- /D _DEBUG /D TARGET_1375_C8_137X /D WIN32 /D _WINDOWS /D _VC80_UPGRADE=0x0600 /D _MBCS /Gm- /EHsc /RTC1 /MTd /GS /fp:precise /Zc:wchar_t /Zc:forScope /Fo"E:\学习资料\STemWim\EMWIN实例\全键盘输入法\键盘调试-PC\Output\Debug\\" /Fd"E:\学习资料\STemWim\EMWIN实例\全键盘输入法\键盘调试-PC\Output\Debug\vc120.pdb" /Gd /TC /analyze- /errorReport:prompt Keyboard\KeyBoardDLG.c
         KeyBoardDLG.c
     1>e:\学习资料\stemwim\emwin实例\全键盘输入法\键盘调试-pc\gui\include\gui_type.h : warning C4819: The file contains a character that cannot be represented in the current code page (936). Save the file in Unicode format to prevent data loss
     1>e:\学习资料\stemwim\emwin实例\全键盘输入法\键盘调试-pc\keyboard\keyboarddlg.c(106): warning C4101: 'hWin' : unreferenced local variable
     1>e:\学习资料\stemwim\emwin实例\全键盘输入法\键盘调试-pc\keyboard\keyboarddlg.c(162): warning C4101: 'hWin' : unreferenced local variable
       Link:
         D:\Program Files\Visual Studio 2013\VC\bin\link.exe /ERRORREPORT:PROMPT /OUT:"E:\学习资料\STemWim\EMWIN实例\全键盘输入法\键盘调试-PC\Exe\GUISimulationDebug.exe" /INCREMENTAL /NOLOGO winmm.lib libcmt.lib kernel32.lib user32.lib gdi32.lib winspool.lib comdlg32.lib advapi32.lib shell32.lib ole32.lib oleaut32.lib uuid.lib odbc32.lib odbccp32.lib /NODEFAULTLIB /MANIFEST /MANIFESTUAC:"level='asInvoker' uiAccess='false'" /manifest:embed /DEBUG /PDB:"E:\学习资料\STemWim\EMWIN实例\全键盘输入法\键盘调试-PC\Output\Debug\SimulationTrial.pdb" /SUBSYSTEM:WINDOWS /TLBID:1 /DYNAMICBASE /NXCOMPAT /IMPLIB:"E:\学习资料\STemWim\EMWIN实例\全键盘输入法\键盘调试-PC\Exe\GUISimulationDebug.lib" /MACHINE:X86 /SAFESEH:NO "E:\学习资料\STemWim\EMWIN实例\全键盘输入法\键盘调试-PC\Output\Debug\GUIConf.obj"
         "E:\学习资料\STemWim\EMWIN实例\全键盘输入法\键盘调试-PC\Output\Debug\LCDConf.obj"
         "E:\学习资料\STemWim\EMWIN实例\全键盘输入法\键盘调试-PC\Output\Debug\SIMConf.obj"
         "E:\学习资料\STemWim\EMWIN实例\全键盘输入法\键盘调试-PC\Output\Debug\WinMain.obj"
         "E:\学习资料\STemWim\EMWIN实例\全键盘输入法\键盘调试-PC\Output\Debug\KeyBoardDLG.obj"
         GUI\Library\GUI.lib
         Simulation\GUISim.lib
         Simulation\Simulation.res
         SimulationTrial.vcxproj -> E:\学习资料\STemWim\EMWIN实例\全键盘输入法\键盘调试-PC\Exe\GUISimulationDebug.exe
     1>Done Building Project "E:\学习资料\STemWim\EMWIN实例\全键盘输入法\键盘调试-PC\SimulationTrial.vcxproj" (Build target(s)).

Build succeeded.

Time Elapsed 00:00:02.83
